Building DAG of jobs...
Using shell: /bin/bash
Provided cores: 8
Rules claiming more threads will be scaled down.
Job counts:
	count	jobs
	1	ngmlr_map
	1	samtools_index
	2

[Tue Dec 22 12:55:00 2020]
rule ngmlr_map:
    input: data2/hs37d5.fa.gz, data2/GM24385_1.fastq.gz
    output: alignments/GM24385.ngmlr.srt.bam
    jobid: 2
    threads: 7

[Tue Dec 22 12:55:24 2020]
Error in rule ngmlr_map:
    jobid: 2
    output: alignments/GM24385.ngmlr.srt.bam
    shell:
        zcat data2/GM24385_1.fastq.gz | ngmlr -r data2/hs37d5.fa.gz -x ont -t 7 | sed -E '/	[0-9]+S	/d' | samtools sort -@ 7 -o alignments/GM24385.ngmlr.srt.bam
        (one of the commands exited with non-zero exit code; note that snakemake uses bash strict mode!)

Shutting down, this might take some time.
Exiting because a job execution failed. Look above for error message
Complete log: /home/davide/EViNCe/NA24385/.snakemake/log/2020-12-22T125500.031697.snakemake.log
