Building DAG of jobs...
Using shell: /bin/bash
Provided cores: 8
Rules claiming more threads will be scaled down.
Job counts:
	count	jobs
	1	ngmlr_map
	1	samtools_index
	2

[Tue Dec 22 12:44:18 2020]
rule ngmlr_map:
    input: data2/hs37d5.fa.gz, data2/GM24385_1.fastq.gz
    output: alignments/GM24385.ngmlr.srt.bam
    jobid: 2
    threads: 7

RuleException in line 19 of /home/davide/EViNCe/NA24385/Snakefile:
'Params' object has no attribute 'sm'
  File "/home/davide/py3env/lib/python3.8/site-packages/snakemake/executors/__init__.py", line 131, in run_jobs
  File "/home/davide/py3env/lib/python3.8/site-packages/snakemake/executors/__init__.py", line 433, in run
  File "/home/davide/py3env/lib/python3.8/site-packages/snakemake/executors/__init__.py", line 225, in _run
  File "/home/davide/py3env/lib/python3.8/site-packages/snakemake/executors/__init__.py", line 151, in _run
  File "/home/davide/py3env/lib/python3.8/site-packages/snakemake/executors/__init__.py", line 157, in printjob
