Building DAG of jobs...
Using shell: /bin/bash
Provided cores: 8
Rules claiming more threads will be scaled down.
Job counts:
	count	jobs
	1	minimap2_map
	1	ngmlr_map
	1	samtools_index
	3

[Tue Dec 22 12:32:09 2020]
rule minimap2_map:
    input: data2/hs37d5.fa.gz, data2/GM24385_1.fastq.gz
    output: alignments/GM24385.minimap2.srt.bam
    jobid: 1
    threads: 7

[Tue Dec 22 12:32:53 2020]
Error in rule minimap2_map:
    jobid: 1
    output: alignments/GM24385.minimap2.srt.bam
    shell:
        minimap2 -ax map-ont --MD -Y --sam-hit-only -t 7 -R @RG\tID:nanopore\tSM:GM24385 data2/hs37d5.fa.gz data2/GM24385_1.fastq.gz | samtools sort -@ 7 -o alignments/GM24385.minimap2.srt.bam
        (one of the commands exited with non-zero exit code; note that snakemake uses bash strict mode!)

Removing output files of failed job minimap2_map since they might be corrupted:
alignments/GM24385.minimap2.srt.bam
Shutting down, this might take some time.
Exiting because a job execution failed. Look above for error message
Complete log: /home/davide/EViNCe/NA24385/.snakemake/log/2020-12-22T123209.358630.snakemake.log
