Building DAG of jobs...
Using shell: /bin/bash
Provided cores: 8
Rules claiming more threads will be scaled down.
Job counts:
	count	jobs
	1	minimap2_map
	1	ngmlr_map
	1	samtools_index
	3

[Tue Dec 22 12:36:15 2020]
rule minimap2_map:
    input: data2/hs37d5.fa.gz, data2/GM24385_1.fastq.gz
    output: alignments/GM24385.minimap2.srt.bam
    jobid: 1
    threads: 7

[Tue Dec 22 12:37:03 2020]
Finished job 1.
1 of 3 steps (33%) done

[Tue Dec 22 12:37:03 2020]
rule ngmlr_map:
    input: data2/hs37d5.fa.gz, data2/GM24385_1.fastq.gz
    output: alignments/GM24385.ngmlr.srt.bam
    jobid: 2
    threads: 7

[Tue Dec 22 12:41:34 2020]
Error in rule ngmlr_map:
    jobid: 2
    output: alignments/GM24385.ngmlr.srt.bam
    shell:
        zcat data2/GM24385_1.fastq.gz | ngmlr -r data2/hs37d5.fa.gz -x ont -t 7 --rg-id @RG\tID:nanopore\tSM:GM24385 | samtools sort -@ 7 -o alignments/GM24385.ngmlr.srt.bam
        (one of the commands exited with non-zero exit code; note that snakemake uses bash strict mode!)

Shutting down, this might take some time.
Exiting because a job execution failed. Look above for error message
Complete log: /home/davide/EViNCe/NA24385/.snakemake/log/2020-12-22T123615.192998.snakemake.log
